[debug] [2024-03-17T11:45:27.242Z] ----------------------------------------------------------------------
[debug] [2024-03-17T11:45:27.245Z] Command:       C:\Program Files\nodejs\node.exe C:\Users\vijin\AppData\Roaming\npm\node_modules\firebase-tools\lib\bin\firebase.js deploy
[debug] [2024-03-17T11:45:27.245Z] CLI Version:   13.5.1
[debug] [2024-03-17T11:45:27.245Z] Platform:      win32
[debug] [2024-03-17T11:45:27.246Z] Node Version:  v21.2.0
[debug] [2024-03-17T11:45:27.246Z] Time:          Sun Mar 17 2024 17:15:27 GMT+0530 (India Standard Time)
[debug] [2024-03-17T11:45:27.246Z] ----------------------------------------------------------------------
[debug] 
[debug] [2024-03-17T11:45:27.335Z] > command requires scopes: ["email","openid","https://www.googleapis.com/auth/cloudplatformprojects.readonly","https://www.googleapis.com/auth/firebase","https://www.googleapis.com/auth/cloud-platform"]
[debug] [2024-03-17T11:45:27.335Z] > authorizing via signed-in user (vijinrinz101@gmail.com)
[debug] [2024-03-17T11:45:27.335Z] [iam] checking project church-web-62973 for permissions ["firebase.projects.get","firebasehosting.sites.update"]
[debug] [2024-03-17T11:45:27.337Z] >>> [apiv2][query] POST https://cloudresourcemanager.googleapis.com/v1/projects/church-web-62973:testIamPermissions [none]
[debug] [2024-03-17T11:45:27.337Z] >>> [apiv2][(partial)header] POST https://cloudresourcemanager.googleapis.com/v1/projects/church-web-62973:testIamPermissions x-goog-quota-user=projects/church-web-62973
[debug] [2024-03-17T11:45:27.337Z] >>> [apiv2][body] POST https://cloudresourcemanager.googleapis.com/v1/projects/church-web-62973:testIamPermissions {"permissions":["firebase.projects.get","firebasehosting.sites.update"]}
[debug] [2024-03-17T11:45:29.157Z] <<< [apiv2][status] POST https://cloudresourcemanager.googleapis.com/v1/projects/church-web-62973:testIamPermissions 200
[debug] [2024-03-17T11:45:29.157Z] <<< [apiv2][body] POST https://cloudresourcemanager.googleapis.com/v1/projects/church-web-62973:testIamPermissions {"permissions":["firebase.projects.get","firebasehosting.sites.update"]}
[debug] [2024-03-17T11:45:29.158Z] >>> [apiv2][query] GET https://firebase.googleapis.com/v1beta1/projects/church-web-62973 [none]
[debug] [2024-03-17T11:45:30.627Z] <<< [apiv2][status] GET https://firebase.googleapis.com/v1beta1/projects/church-web-62973 200
[debug] [2024-03-17T11:45:30.627Z] <<< [apiv2][body] GET https://firebase.googleapis.com/v1beta1/projects/church-web-62973 {"projectId":"church-web-62973","projectNumber":"101913259827","displayName":"church-web","name":"projects/church-web-62973","resources":{"hostingSite":"church-web-62973"},"state":"ACTIVE","etag":"1_33b8353e-aa8b-4b06-9669-c21745fcf381"}
[info] 
   Thank you for trying our early preview of Next.js support on Firebase Hosting.
   During the preview, support is best-effort and breaking changes can be expected. Proceed with caution.

   Documentation: https://firebase.google.com/docs/hosting/frameworks/nextjs
   File a bug: https://github.com/firebase/firebase-tools/issues/new?template=bug_report.md
   Submit a feature request: https://github.com/firebase/firebase-tools/issues/new?template=feature_request.md

   We'd love to learn from you. Express your interest in helping us shape the future of Firebase Hosting: https://goo.gle/41enW5X

[debug] [2024-03-17T11:45:40.338Z] >>> [apiv2][query] GET https://firebasehosting.googleapis.com/v1beta1/projects/church-web-62973/sites/church-web-62973 [none]
[debug] [2024-03-17T11:45:42.054Z] <<< [apiv2][status] GET https://firebasehosting.googleapis.com/v1beta1/projects/church-web-62973/sites/church-web-62973 200
[debug] [2024-03-17T11:45:42.054Z] <<< [apiv2][body] GET https://firebasehosting.googleapis.com/v1beta1/projects/church-web-62973/sites/church-web-62973 {"name":"projects/church-web-62973/sites/church-web-62973","defaultUrl":"https://church-web-62973.web.app","type":"DEFAULT_SITE"}
[info] - info Creating an optimized production build...

[info] (node:17312) [DEP0040] DeprecationWarning: The `punycode` module is deprecated. Please use a userland alternative instead.
(Use `node --trace-deprecation ...` to show where the warning was created)

[info] Failed to compile.


[info] ./src/app/Home/Blogs.js
Module not found: Can't resolve '@/Components/Cards/BlogCard'

https://nextjs.org/docs/messages/module-not-found

./src/app/Home/Sermons.js
Module not found: Can't resolve '@/Components/Cards/SermonCard'

https://nextjs.org/docs/messages/module-not-found

./src/app/Home/UpcomingEvent.js
Module not found: Can't resolve '@/Components/Cards/EventCard'

https://nextjs.org/docs/messages/module-not-found

./src/app/Home/WorshipServices.js
Module not found: Can't resolve '@/Components/Cards/WorshipCard'

https://nextjs.org/docs/messages/module-not-found

./src/app/events/EventsLister.jsx
Module not found: Can't resolve '@/Components/Cards/EventCard'

https://nextjs.org/docs/messages/module-not-found



[info] > Build failed because of webpack errors

[debug] [2024-03-17T11:45:55.058Z] Error: ENOENT: no such file or directory, open 'D:\MY WORKS\CHURCH_WORK\church-app\.next\export-marker.json'
[error] 
[error] Error: An unexpected error has occurred.
[debug] [2024-03-17T11:48:41.883Z] ----------------------------------------------------------------------
[debug] [2024-03-17T11:48:41.885Z] Command:       C:\Program Files\nodejs\node.exe C:\Users\vijin\AppData\Roaming\npm\node_modules\firebase-tools\lib\bin\firebase.js deploy
[debug] [2024-03-17T11:48:41.886Z] CLI Version:   13.5.1
[debug] [2024-03-17T11:48:41.886Z] Platform:      win32
[debug] [2024-03-17T11:48:41.886Z] Node Version:  v21.2.0
[debug] [2024-03-17T11:48:41.886Z] Time:          Sun Mar 17 2024 17:18:41 GMT+0530 (India Standard Time)
[debug] [2024-03-17T11:48:41.886Z] ----------------------------------------------------------------------
[debug] 
[debug] [2024-03-17T11:48:41.941Z] > command requires scopes: ["email","openid","https://www.googleapis.com/auth/cloudplatformprojects.readonly","https://www.googleapis.com/auth/firebase","https://www.googleapis.com/auth/cloud-platform"]
[debug] [2024-03-17T11:48:41.942Z] > authorizing via signed-in user (vijinrinz101@gmail.com)
[debug] [2024-03-17T11:48:41.942Z] [iam] checking project church-web-62973 for permissions ["firebase.projects.get","firebasehosting.sites.update"]
[debug] [2024-03-17T11:48:41.943Z] >>> [apiv2][query] POST https://cloudresourcemanager.googleapis.com/v1/projects/church-web-62973:testIamPermissions [none]
[debug] [2024-03-17T11:48:41.944Z] >>> [apiv2][(partial)header] POST https://cloudresourcemanager.googleapis.com/v1/projects/church-web-62973:testIamPermissions x-goog-quota-user=projects/church-web-62973
[debug] [2024-03-17T11:48:41.944Z] >>> [apiv2][body] POST https://cloudresourcemanager.googleapis.com/v1/projects/church-web-62973:testIamPermissions {"permissions":["firebase.projects.get","firebasehosting.sites.update"]}
[debug] [2024-03-17T11:48:43.787Z] <<< [apiv2][status] POST https://cloudresourcemanager.googleapis.com/v1/projects/church-web-62973:testIamPermissions 200
[debug] [2024-03-17T11:48:43.788Z] <<< [apiv2][body] POST https://cloudresourcemanager.googleapis.com/v1/projects/church-web-62973:testIamPermissions {"permissions":["firebase.projects.get","firebasehosting.sites.update"]}
[debug] [2024-03-17T11:48:43.788Z] >>> [apiv2][query] GET https://firebase.googleapis.com/v1beta1/projects/church-web-62973 [none]
[debug] [2024-03-17T11:48:45.010Z] <<< [apiv2][status] GET https://firebase.googleapis.com/v1beta1/projects/church-web-62973 200
[debug] [2024-03-17T11:48:45.010Z] <<< [apiv2][body] GET https://firebase.googleapis.com/v1beta1/projects/church-web-62973 {"projectId":"church-web-62973","projectNumber":"101913259827","displayName":"church-web","name":"projects/church-web-62973","resources":{"hostingSite":"church-web-62973"},"state":"ACTIVE","etag":"1_33b8353e-aa8b-4b06-9669-c21745fcf381"}
[info] 
   Thank you for trying our early preview of Next.js support on Firebase Hosting.
   During the preview, support is best-effort and breaking changes can be expected. Proceed with caution.

   Documentation: https://firebase.google.com/docs/hosting/frameworks/nextjs
   File a bug: https://github.com/firebase/firebase-tools/issues/new?template=bug_report.md
   Submit a feature request: https://github.com/firebase/firebase-tools/issues/new?template=feature_request.md

   We'd love to learn from you. Express your interest in helping us shape the future of Firebase Hosting: https://goo.gle/41enW5X

[debug] [2024-03-17T11:48:53.515Z] >>> [apiv2][query] GET https://firebasehosting.googleapis.com/v1beta1/projects/church-web-62973/sites/church-web-62973 [none]
[debug] [2024-03-17T11:48:54.860Z] <<< [apiv2][status] GET https://firebasehosting.googleapis.com/v1beta1/projects/church-web-62973/sites/church-web-62973 200
[debug] [2024-03-17T11:48:54.860Z] <<< [apiv2][body] GET https://firebasehosting.googleapis.com/v1beta1/projects/church-web-62973/sites/church-web-62973 {"name":"projects/church-web-62973/sites/church-web-62973","defaultUrl":"https://church-web-62973.web.app","type":"DEFAULT_SITE"}
[info] - info Creating an optimized production build...

[info] Failed to compile.


[info] ./src/app/Home/Blogs.js
Module not found: Can't resolve '@/Components/Cards/BlogCard'

https://nextjs.org/docs/messages/module-not-found

./src/app/events/EventsLister.jsx
Module not found: Can't resolve '@/Components/Cards/EventCard'

https://nextjs.org/docs/messages/module-not-found

./src/app/aboutus/PageWrapper.jsx
Module not found: Can't resolve '@/Components/TopBackground/TopBackground'

https://nextjs.org/docs/messages/module-not-found

Import trace for requested module:
./src/app/aboutus/page.jsx

./src/app/aboutus/page.jsx
Module not found: Can't resolve '@/Components/TopBackground/TopBackground'

https://nextjs.org/docs/messages/module-not-found

./src/app/aboutus/page.jsx
Module not found: Can't resolve '@/Components/SidePageContainer/SidePageContainer'

https://nextjs.org/docs/messages/module-not-found


[info] 

[info] > Build failed because of webpack errors

[debug] [2024-03-17T11:49:02.200Z] Error: ENOENT: no such file or directory, open 'D:\MY WORKS\CHURCH_WORK\church-app\.next\export-marker.json'
[error] 
[error] Error: An unexpected error has occurred.
[debug] [2024-03-17T11:49:35.740Z] ----------------------------------------------------------------------
[debug] [2024-03-17T11:49:35.743Z] Command:       C:\Program Files\nodejs\node.exe C:\Users\vijin\AppData\Roaming\npm\node_modules\firebase-tools\lib\bin\firebase.js deploy
[debug] [2024-03-17T11:49:35.743Z] CLI Version:   13.5.1
[debug] [2024-03-17T11:49:35.743Z] Platform:      win32
[debug] [2024-03-17T11:49:35.743Z] Node Version:  v21.2.0
[debug] [2024-03-17T11:49:35.743Z] Time:          Sun Mar 17 2024 17:19:35 GMT+0530 (India Standard Time)
[debug] [2024-03-17T11:49:35.744Z] ----------------------------------------------------------------------
[debug] 
[debug] [2024-03-17T11:49:35.799Z] > command requires scopes: ["email","openid","https://www.googleapis.com/auth/cloudplatformprojects.readonly","https://www.googleapis.com/auth/firebase","https://www.googleapis.com/auth/cloud-platform"]
[debug] [2024-03-17T11:49:35.799Z] > authorizing via signed-in user (vijinrinz101@gmail.com)
[debug] [2024-03-17T11:49:35.799Z] [iam] checking project church-web-62973 for permissions ["firebase.projects.get","firebasehosting.sites.update"]
[debug] [2024-03-17T11:49:35.801Z] >>> [apiv2][query] POST https://cloudresourcemanager.googleapis.com/v1/projects/church-web-62973:testIamPermissions [none]
[debug] [2024-03-17T11:49:35.801Z] >>> [apiv2][(partial)header] POST https://cloudresourcemanager.googleapis.com/v1/projects/church-web-62973:testIamPermissions x-goog-quota-user=projects/church-web-62973
[debug] [2024-03-17T11:49:35.801Z] >>> [apiv2][body] POST https://cloudresourcemanager.googleapis.com/v1/projects/church-web-62973:testIamPermissions {"permissions":["firebase.projects.get","firebasehosting.sites.update"]}
[debug] [2024-03-17T11:49:38.467Z] <<< [apiv2][status] POST https://cloudresourcemanager.googleapis.com/v1/projects/church-web-62973:testIamPermissions 200
[debug] [2024-03-17T11:49:38.468Z] <<< [apiv2][body] POST https://cloudresourcemanager.googleapis.com/v1/projects/church-web-62973:testIamPermissions {"permissions":["firebase.projects.get","firebasehosting.sites.update"]}
[debug] [2024-03-17T11:49:38.468Z] >>> [apiv2][query] GET https://firebase.googleapis.com/v1beta1/projects/church-web-62973 [none]
[debug] [2024-03-17T11:49:39.521Z] <<< [apiv2][status] GET https://firebase.googleapis.com/v1beta1/projects/church-web-62973 200
[debug] [2024-03-17T11:49:39.521Z] <<< [apiv2][body] GET https://firebase.googleapis.com/v1beta1/projects/church-web-62973 {"projectId":"church-web-62973","projectNumber":"101913259827","displayName":"church-web","name":"projects/church-web-62973","resources":{"hostingSite":"church-web-62973"},"state":"ACTIVE","etag":"1_33b8353e-aa8b-4b06-9669-c21745fcf381"}
[info] 
   Thank you for trying our early preview of Next.js support on Firebase Hosting.
   During the preview, support is best-effort and breaking changes can be expected. Proceed with caution.

   Documentation: https://firebase.google.com/docs/hosting/frameworks/nextjs
   File a bug: https://github.com/firebase/firebase-tools/issues/new?template=bug_report.md
   Submit a feature request: https://github.com/firebase/firebase-tools/issues/new?template=feature_request.md

   We'd love to learn from you. Express your interest in helping us shape the future of Firebase Hosting: https://goo.gle/41enW5X

[debug] [2024-03-17T11:49:47.916Z] >>> [apiv2][query] GET https://firebasehosting.googleapis.com/v1beta1/projects/church-web-62973/sites/church-web-62973 [none]
[debug] [2024-03-17T11:49:49.495Z] <<< [apiv2][status] GET https://firebasehosting.googleapis.com/v1beta1/projects/church-web-62973/sites/church-web-62973 200
[debug] [2024-03-17T11:49:49.495Z] <<< [apiv2][body] GET https://firebasehosting.googleapis.com/v1beta1/projects/church-web-62973/sites/church-web-62973 {"name":"projects/church-web-62973/sites/church-web-62973","defaultUrl":"https://church-web-62973.web.app","type":"DEFAULT_SITE"}
[info] - info Creating an optimized production build...

[info] (node:16816) [DEP0040] DeprecationWarning: The `punycode` module is deprecated. Please use a userland alternative instead.
(Use `node --trace-deprecation ...` to show where the warning was created)

[info] Failed to compile.


[info] ./src/app/events/EventsLister.jsx
Module not found: Can't resolve '@/Components/Cards/EventCard'

https://nextjs.org/docs/messages/module-not-found

./src/app/aboutus/PageWrapper.jsx
Module not found: Can't resolve '@/Components/TopBackground/TopBackground'

https://nextjs.org/docs/messages/module-not-found

Import trace for requested module:
./src/app/aboutus/page.jsx

./src/app/aboutus/page.jsx
Module not found: Can't resolve '@/Components/TopBackground/TopBackground'

https://nextjs.org/docs/messages/module-not-found

./src/app/aboutus/page.jsx
Module not found: Can't resolve '@/Components/SidePageContainer/SidePageContainer'

https://nextjs.org/docs/messages/module-not-found

./src/app/events/page.jsx
Module not found: Can't resolve '@/Components/SidePageContainer/SidePageContainer'

https://nextjs.org/docs/messages/module-not-found


[info] 
> Build failed because of webpack errors

[debug] [2024-03-17T11:49:59.308Z] Error: ENOENT: no such file or directory, open 'D:\MY WORKS\CHURCH_WORK\church-app\.next\export-marker.json'
[error] 
[error] Error: An unexpected error has occurred.
[debug] [2024-03-17T11:51:26.673Z] ----------------------------------------------------------------------
[debug] [2024-03-17T11:51:26.675Z] Command:       C:\Program Files\nodejs\node.exe C:\Users\vijin\AppData\Roaming\npm\node_modules\firebase-tools\lib\bin\firebase.js deploy
[debug] [2024-03-17T11:51:26.675Z] CLI Version:   13.5.1
[debug] [2024-03-17T11:51:26.676Z] Platform:      win32
[debug] [2024-03-17T11:51:26.676Z] Node Version:  v21.2.0
[debug] [2024-03-17T11:51:26.676Z] Time:          Sun Mar 17 2024 17:21:26 GMT+0530 (India Standard Time)
[debug] [2024-03-17T11:51:26.676Z] ----------------------------------------------------------------------
[debug] 
[debug] [2024-03-17T11:51:26.732Z] > command requires scopes: ["email","openid","https://www.googleapis.com/auth/cloudplatformprojects.readonly","https://www.googleapis.com/auth/firebase","https://www.googleapis.com/auth/cloud-platform"]
[debug] [2024-03-17T11:51:26.732Z] > authorizing via signed-in user (vijinrinz101@gmail.com)
[debug] [2024-03-17T11:51:26.732Z] [iam] checking project church-web-62973 for permissions ["firebase.projects.get","firebasehosting.sites.update"]
[debug] [2024-03-17T11:51:26.734Z] >>> [apiv2][query] POST https://cloudresourcemanager.googleapis.com/v1/projects/church-web-62973:testIamPermissions [none]
[debug] [2024-03-17T11:51:26.734Z] >>> [apiv2][(partial)header] POST https://cloudresourcemanager.googleapis.com/v1/projects/church-web-62973:testIamPermissions x-goog-quota-user=projects/church-web-62973
[debug] [2024-03-17T11:51:26.734Z] >>> [apiv2][body] POST https://cloudresourcemanager.googleapis.com/v1/projects/church-web-62973:testIamPermissions {"permissions":["firebase.projects.get","firebasehosting.sites.update"]}
[debug] [2024-03-17T11:51:29.092Z] <<< [apiv2][status] POST https://cloudresourcemanager.googleapis.com/v1/projects/church-web-62973:testIamPermissions 200
[debug] [2024-03-17T11:51:29.092Z] <<< [apiv2][body] POST https://cloudresourcemanager.googleapis.com/v1/projects/church-web-62973:testIamPermissions {"permissions":["firebase.projects.get","firebasehosting.sites.update"]}
[debug] [2024-03-17T11:51:29.093Z] >>> [apiv2][query] GET https://firebase.googleapis.com/v1beta1/projects/church-web-62973 [none]
[debug] [2024-03-17T11:51:30.931Z] <<< [apiv2][status] GET https://firebase.googleapis.com/v1beta1/projects/church-web-62973 200
[debug] [2024-03-17T11:51:30.931Z] <<< [apiv2][body] GET https://firebase.googleapis.com/v1beta1/projects/church-web-62973 {"projectId":"church-web-62973","projectNumber":"101913259827","displayName":"church-web","name":"projects/church-web-62973","resources":{"hostingSite":"church-web-62973"},"state":"ACTIVE","etag":"1_33b8353e-aa8b-4b06-9669-c21745fcf381"}
[info] 
   Thank you for trying our early preview of Next.js support on Firebase Hosting.
   During the preview, support is best-effort and breaking changes can be expected. Proceed with caution.

   Documentation: https://firebase.google.com/docs/hosting/frameworks/nextjs
   File a bug: https://github.com/firebase/firebase-tools/issues/new?template=bug_report.md
   Submit a feature request: https://github.com/firebase/firebase-tools/issues/new?template=feature_request.md

   We'd love to learn from you. Express your interest in helping us shape the future of Firebase Hosting: https://goo.gle/41enW5X

[debug] [2024-03-17T11:51:39.249Z] >>> [apiv2][query] GET https://firebasehosting.googleapis.com/v1beta1/projects/church-web-62973/sites/church-web-62973 [none]
[debug] [2024-03-17T11:51:41.572Z] <<< [apiv2][status] GET https://firebasehosting.googleapis.com/v1beta1/projects/church-web-62973/sites/church-web-62973 200
[debug] [2024-03-17T11:51:41.572Z] <<< [apiv2][body] GET https://firebasehosting.googleapis.com/v1beta1/projects/church-web-62973/sites/church-web-62973 {"name":"projects/church-web-62973/sites/church-web-62973","defaultUrl":"https://church-web-62973.web.app","type":"DEFAULT_SITE"}
[info] - info Creating an optimized production build...

[info] Failed to compile.


[info] ./src/app/events/EventsLister.jsx
Module not found: Can't resolve '@/Components/Cards/EventCard'

https://nextjs.org/docs/messages/module-not-found

./src/app/aboutus/PageWrapper.jsx
Module not found: Can't resolve '@/Components/TopBackground/TopBackground'

https://nextjs.org/docs/messages/module-not-found

Import trace for requested module:
./src/app/aboutus/page.jsx

./src/app/aboutus/page.jsx
Module not found: Can't resolve '@/Components/TopBackground/TopBackground'

https://nextjs.org/docs/messages/module-not-found

./src/app/aboutus/page.jsx
Module not found: Can't resolve '@/Components/SidePageContainer/SidePageContainer'

https://nextjs.org/docs/messages/module-not-found

./src/app/events/page.jsx
Module not found: Can't resolve '@/Components/SidePageContainer/SidePageContainer'

https://nextjs.org/docs/messages/module-not-found


[info] 

[info] > Build failed because of webpack errors

[debug] [2024-03-17T11:51:48.581Z] Error: ENOENT: no such file or directory, open 'D:\MY WORKS\CHURCH_WORK\church-app\.next\export-marker.json'
[error] 
[error] Error: An unexpected error has occurred.
